  AABB.cpp
  Application.cpp
  CollisionResponseInteraction.cpp
C:\Users\Galaxy\Desktop\GitHub\GLEngine\Source\ECS\ECSComponent.h(122,1): warning C4267: 'initializing': conversion from 'size_t' to 'unsigned int', possible loss of data
C:\Users\Galaxy\Desktop\GitHub\GLEngine\Source\ECS\ECSComponent.h(155): message : see reference to function template instantiation 'unsigned int ECSComponentCreate<T>(std::vector<unsigned char,std::allocator<unsigned char>> &,EntityHandle,BaseECSComponent *)' being compiled
          with
          [
              T=TransformComponent
          ]
C:\Users\Galaxy\Desktop\GitHub\GLEngine\Source\ECS\ECSComponent.h(104): message : while compiling class template static data member 'const unsigned int ECSComponent<TransformComponent>::ID'
C:\Users\Galaxy\Desktop\GitHub\GLEngine\Source\GameComponentSystem\TransformComponent.h(10): message : see reference to class template instantiation 'ECSComponent<TransformComponent>' being compiled
  ECS.cpp
C:\Users\Galaxy\Desktop\GitHub\GLEngine\Source\ECS\ECS.cpp(23,63): warning C4267: '+=': conversion from 'size_t' to 'unsigned int', possible loss of data
C:\Users\Galaxy\Desktop\GitHub\GLEngine\Source\ECS\ECS.cpp(65,36): warning C4267: '=': conversion from 'size_t' to '_Ty1', possible loss of data
          with
          [
              _Ty1=unsigned int
          ]
C:\Users\Galaxy\Desktop\GitHub\GLEngine\Source\ECS\ECS.cpp(211,48): warning C4267: 'initializing': conversion from 'size_t' to 'unsigned int', possible loss of data
C:\Users\Galaxy\Desktop\GitHub\GLEngine\Source\ECS\ECS.cpp(250,60): warning C4267: '+=': conversion from 'size_t' to 'unsigned int', possible loss of data
C:\Users\Galaxy\Desktop\GitHub\GLEngine\Source\ECS\ECS.cpp(302,58): warning C4267: '+=': conversion from 'size_t' to 'unsigned int', possible loss of data
C:\Users\Galaxy\Desktop\GitHub\GLEngine\Source\ECS\ECS.cpp(377,70): warning C4267: 'initializing': conversion from 'size_t' to 'unsigned int', possible loss of data
C:\Users\Galaxy\Desktop\GitHub\GLEngine\Source\ECS\ECS.cpp(402,52): warning C4267: 'initializing': conversion from 'size_t' to 'unsigned int', possible loss of data
C:\Users\Galaxy\Desktop\GitHub\GLEngine\Source\ECS\ECS.cpp(466,58): warning C4267: 'initializing': conversion from 'size_t' to 'unsigned int', possible loss of data
  ECSComponent.cpp
C:\Users\Galaxy\Desktop\GitHub\GLEngine\Source\ECS\ECSComponent.cpp(19,51): warning C4267: 'initializing': conversion from 'size_t' to 'unsigned int', possible loss of data
  ECSSystem.cpp
  GameEventHandler.cpp
  InteractionWorld.cpp
C:\Users\Galaxy\Desktop\GitHub\GLEngine\Source\InteractionWorld.cpp(266,41): warning C4267: 'argument': conversion from 'size_t' to 'unsigned int', possible loss of data
C:\Users\Galaxy\Desktop\GitHub\GLEngine\Source\InteractionWorld.cpp(331,40): warning C4267: 'argument': conversion from 'size_t' to 'unsigned int', possible loss of data
C:\Users\Galaxy\Desktop\GitHub\GLEngine\Source\InteractionWorld.cpp(360,32): warning C4267: 'argument': conversion from 'size_t' to 'unsigned int', possible loss of data
C:\Users\Galaxy\Desktop\GitHub\GLEngine\Source\ECS\ECSComponent.h(122,1): warning C4267: 'initializing': conversion from 'size_t' to 'unsigned int', possible loss of data
C:\Users\Galaxy\Desktop\GitHub\GLEngine\Source\ECS\ECSComponent.h(155): message : see reference to function template instantiation 'unsigned int ECSComponentCreate<T>(std::vector<unsigned char,std::allocator<unsigned char>> &,EntityHandle,BaseECSComponent *)' being compiled
          with
          [
              T=TransformComponent
          ]
C:\Users\Galaxy\Desktop\GitHub\GLEngine\Source\ECS\ECSComponent.h(104): message : while compiling class template static data member 'const unsigned int ECSComponent<TransformComponent>::ID'
C:\Users\Galaxy\Desktop\GitHub\GLEngine\Source\GameComponentSystem\TransformComponent.h(10): message : see reference to class template instantiation 'ECSComponent<TransformComponent>' being compiled
  Main.cpp
C:\Users\Galaxy\Desktop\GitHub\GLEngine\Source\ECS\ECSComponent.h(122,1): warning C4267: 'initializing': conversion from 'size_t' to 'unsigned int', possible loss of data
C:\Users\Galaxy\Desktop\GitHub\GLEngine\Source\ECS\ECSComponent.h(155): message : see reference to function template instantiation 'unsigned int ECSComponentCreate<T>(std::vector<unsigned char,std::allocator<unsigned char>> &,EntityHandle,BaseECSComponent *)' being compiled
          with
          [
              T=TransformComponent
          ]
C:\Users\Galaxy\Desktop\GitHub\GLEngine\Source\ECS\ECSComponent.h(104): message : while compiling class template static data member 'const unsigned int ECSComponent<TransformComponent>::ID'
C:\Users\Galaxy\Desktop\GitHub\GLEngine\Source\GameComponentSystem\TransformComponent.h(10): message : see reference to class template instantiation 'ECSComponent<TransformComponent>' being compiled
  Maze.cpp
C:\Users\Galaxy\Desktop\GitHub\GLEngine\Source\Maze.cpp(52,42): warning C4267: '=': conversion from 'size_t' to 'unsigned int', possible loss of data
C:\Users\Galaxy\Desktop\GitHub\GLEngine\Source\Maze.cpp(84,43): warning C4267: '=': conversion from 'size_t' to 'unsigned int', possible loss of data
C:\Users\Galaxy\Desktop\GitHub\GLEngine\Source\Maze.cpp(117,43): warning C4267: '=': conversion from 'size_t' to 'unsigned int', possible loss of data
C:\Users\Galaxy\Desktop\GitHub\GLEngine\Source\Maze.cpp(150,43): warning C4267: '=': conversion from 'size_t' to 'unsigned int', possible loss of data
C:\Users\Galaxy\Desktop\GitHub\GLEngine\Source\Maze.cpp(183,43): warning C4267: '=': conversion from 'size_t' to 'unsigned int', possible loss of data
  Display.cpp
  Font.cpp
  Mesh.cpp
C:\Users\Galaxy\Desktop\GitHub\GLEngine\Source\Rendering\Mesh.cpp(140,34): warning C4267: '=': conversion from 'size_t' to 'unsigned int', possible loss of data
  Shader.cpp
C:\Users\Galaxy\Desktop\GitHub\GLEngine\Source\Rendering\Shader.cpp(74,46): warning C4267: '=': conversion from 'size_t' to 'GLint', possible loss of data
  TextRenderer.cpp
  Texture.cpp
  Generating Code...
  GLEngine.vcxproj -> C:\Users\Galaxy\Desktop\GitHub\GLEngine\Binaries\x64\Debug\GLEngine.exe
